[0m16:35:17.716716 [debug] [MainThread]: Sending event: {'category': 'dbt', 'action': 'invocation', 'label': 'start', 'context': [<snowplow_tracker.self_describing_json.SelfDescribingJson object at 0x1040b8440>, <snowplow_tracker.self_describing_json.SelfDescribingJson object at 0x1054cb750>, <snowplow_tracker.self_describing_json.SelfDescribingJson object at 0x1054cb890>]}


============================== 16:35:17.719080 | 279ac04c-f5f2-4650-947c-c7cb769ad2f3 ==============================
[0m16:35:17.719080 [info ] [MainThread]: Running with dbt=1.11.7
[0m16:35:17.719326 [debug] [MainThread]: running dbt with arguments {'write_json': 'True', 'indirect_selection': 'eager', 'partial_parse': 'True', 'static_parser': 'True', 'log_format': 'default', 'log_path': 'logs', 'warn_error': 'None', 'send_anonymous_usage_stats': 'True', 'target_path': 'None', 'introspect': 'True', 'empty': 'None', 'invocation_command': 'dbt init dbt', 'cache_selected_only': 'False', 'version_check': 'True', 'printer_width': '80', 'debug': 'False', 'fail_fast': 'False', 'log_cache_events': 'False', 'use_colors': 'True', 'profiles_dir': '/Users/westonhyman/.dbt', 'warn_error_options': 'WarnErrorOptionsV2(error=[], warn=[], silence=[])', 'no_print': 'None', 'quiet': 'False', 'use_experimental_parser': 'False'}
[0m16:35:17.726322 [info ] [MainThread]: Creating dbt configuration folder at /Users/westonhyman/.dbt
[0m16:35:51.374036 [debug] [MainThread]: Starter project path: /Users/westonhyman/erp-operations-pipeline/venv/lib/python3.13/site-packages/dbt/include/starter_project
[0m16:35:51.381381 [info ] [MainThread]: 
Your new dbt project "erp_pipeline" was created!

For more information on how to configure the profiles.yml file,
please consult the dbt documentation here:

  https://docs.getdbt.com/docs/configure-your-profile

One more thing:

Need help? Don't hesitate to reach out to us via GitHub issues or on Slack:

  https://community.getdbt.com/

Happy modeling!

[0m16:35:51.381757 [info ] [MainThread]: Setting up your profile.
[0m16:35:55.495579 [info ] [MainThread]: Profile erp_pipeline written to /Users/westonhyman/.dbt/profiles.yml using target's sample configuration. Once updated, you'll be able to start developing with dbt.
[0m16:35:55.508392 [debug] [MainThread]: Resource report: {"command_name": "init", "command_success": true, "command_wall_clock_time": 37.821655, "process_in_blocks": "0", "process_kernel_time": 0.135925, "process_mem_max_rss": "108478464", "process_out_blocks": "0", "process_user_time": 0.575067}
[0m16:35:55.508685 [debug] [MainThread]: Command `dbt init` succeeded at 16:35:55.508612 after 37.82 seconds
[0m16:35:55.508895 [debug] [MainThread]: Sending event: {'category': 'dbt', 'action': 'invocation', 'label': 'end', 'context': [<snowplow_tracker.self_describing_json.SelfDescribingJson object at 0x1054f1810>, <snowplow_tracker.self_describing_json.SelfDescribingJson object at 0x104afbd10>, <snowplow_tracker.self_describing_json.SelfDescribingJson object at 0x105553bd0>]}
[0m16:35:55.509091 [debug] [MainThread]: Flushing usage events
[0m16:35:55.821152 [debug] [MainThread]: An error was encountered while trying to flush usage events
